<?xml version="1.0" encoding="UTF-8"?>
<!-- Generated by org.testng.reporters.JUnitReportReporter -->
<testsuite skipped="0" hostname="MEHMURUG-IN" name="advanced.LoggingFeature" tests="1" failures="0" timestamp="2 Mar 2020 10:39:33 GMT" time="2.390" errors="0">
  <testcase name="logging" time="2.390" classname="advanced.LoggingFeature"/>
</testsuite> <!-- advanced.LoggingFeature -->
