<?xml version="1.0" encoding="UTF-8"?>
<!-- Generated by org.testng.reporters.JUnitReportReporter -->
<testsuite skipped="0" hostname="MEHMURUG-IN" name="gettingstarted.SimpleGETRequest" tests="1" failures="0" timestamp="22 Feb 2020 13:34:27 GMT" time="2.484" errors="0">
  <testcase name="getPlaceDetails2" time="2.484" classname="gettingstarted.SimpleGETRequest"/>
</testsuite> <!-- gettingstarted.SimpleGETRequest -->
