<?xml version="1.0" encoding="UTF-8"?>
<!-- Generated by org.testng.reporters.JUnitReportReporter -->
<testsuite skipped="0" hostname="MEHMURUG-IN" name="jira.GetIssues" tests="1" failures="0" timestamp="29 Mar 2020 15:03:04 GMT" time="2.766" errors="0">
  <testcase name="getIssues" time="2.766" classname="jira.GetIssues"/>
</testsuite> <!-- jira.GetIssues -->
