<?xml version="1.0" encoding="UTF-8"?>
<!-- Generated by org.testng.reporters.JUnitReportReporter -->
<testsuite skipped="0" hostname="MEHMURUG-IN" name="oauth2.SerializeTest" tests="1" failures="0" timestamp="12 Apr 2020 11:57:23 GMT" time="3.894" errors="0">
  <testcase name="addPlace" time="3.894" classname="oauth2.SerializeTest"/>
</testsuite> <!-- oauth2.SerializeTest -->
