<?xml version="1.0" encoding="UTF-8"?>
<!-- Generated by org.testng.reporters.JUnitReportReporter -->
<testsuite skipped="0" hostname="MEHMURUG-IN" name="jira.AddAttachment" tests="1" failures="0" timestamp="28 Mar 2020 17:23:15 GMT" time="2.970" errors="0">
  <testcase name="addAttachment" time="2.970" classname="jira.AddAttachment"/>
</testsuite> <!-- jira.AddAttachment -->
