<?xml version="1.0" encoding="UTF-8"?>
<!-- Generated by org.testng.reporters.JUnitReportReporter -->
<testsuite skipped="0" hostname="MEHMURUG-IN" name="gettingstarted.UsingXML" tests="1" failures="0" timestamp="28 Feb 2020 18:59:44 GMT" time="2.515" errors="0">
  <testcase name="postRequestUsingXML" time="2.515" classname="gettingstarted.UsingXML"/>
</testsuite> <!-- gettingstarted.UsingXML -->
