<?xml version="1.0" encoding="UTF-8"?>
<!-- Generated by org.testng.reporters.JUnitReportReporter -->
<testsuite skipped="0" hostname="MEHMURUG-IN" name="gettingstarted.ValidatingResponse" tests="1" failures="0" timestamp="25 Feb 2020 06:13:33 GMT" time="3.685" errors="0">
  <testcase name="validateResponse" time="3.685" classname="gettingstarted.ValidatingResponse"/>
</testsuite> <!-- gettingstarted.ValidatingResponse -->
