<?xml version="1.0" encoding="UTF-8"?>
<!-- Generated by org.testng.reporters.JUnitReportReporter -->
<testsuite skipped="0" hostname="MEHMURUG-IN" name="oauth2.SpecBuilderTest" tests="1" failures="0" timestamp="13 Apr 2020 06:59:32 GMT" time="5.032" errors="0">
  <testcase name="addPlace" time="5.032" classname="oauth2.SpecBuilderTest"/>
</testsuite> <!-- oauth2.SpecBuilderTest -->
