<?xml version="1.0" encoding="UTF-8"?>
<!-- Generated by org.testng.reporters.JUnitReportReporter -->
<testsuite skipped="0" hostname="MEHMURUG-IN" name="gettingstarted.UsingJSONFile" tests="1" failures="0" timestamp="6 Mar 2020 08:27:55 GMT" time="2.954" errors="0">
  <testcase name="addBooks" time="2.954" classname="gettingstarted.UsingJSONFile"/>
</testsuite> <!-- gettingstarted.UsingJSONFile -->
