<?xml version="1.0" encoding="UTF-8"?>
<!-- Generated by org.testng.reporters.JUnitReportReporter -->
<testsuite skipped="0" hostname="MEHMURUG-IN" name="advanced.DynamicJson" tests="6" failures="0" timestamp="6 Mar 2020 08:05:11 GMT" time="3.658" errors="0">
  <testcase name="addBooks" time="2.469" classname="advanced.DynamicJson"/>
  <testcase name="deletePlace" time="0.126" classname="advanced.DynamicJson"/>
  <testcase name="addBooks" time="0.180" classname="advanced.DynamicJson"/>
  <testcase name="deletePlace" time="0.528" classname="advanced.DynamicJson"/>
  <testcase name="addBooks" time="0.219" classname="advanced.DynamicJson"/>
  <testcase name="deletePlace" time="0.136" classname="advanced.DynamicJson"/>
</testsuite> <!-- advanced.DynamicJson -->
