<?xml version="1.0" encoding="UTF-8"?>
<!-- Generated by org.testng.reporters.JUnitReportReporter -->
<testsuite skipped="0" hostname="MEHMURUG-IN" name="basics.SimpleGETRequest" tests="1" failures="0" timestamp="24 Feb 2020 05:08:13 GMT" time="2.780" errors="0">
  <testcase name="getPlaceDetails" time="2.780" classname="basics.SimpleGETRequest"/>
</testsuite> <!-- basics.SimpleGETRequest -->
