<?xml version="1.0" encoding="UTF-8"?>
<!-- Generated by org.testng.reporters.JUnitReportReporter -->
<testsuite skipped="0" hostname="MEHMURUG-IN" name="basics.ResponseHeaders" tests="1" failures="0" timestamp="25 Feb 2020 06:58:01 GMT" time="2.347" errors="0">
  <testcase name="getResponseHeaders" time="2.347" classname="basics.ResponseHeaders"/>
</testsuite> <!-- basics.ResponseHeaders -->
