<?xml version="1.0" encoding="UTF-8"?>
<!-- Generated by org.testng.reporters.JUnitReportReporter -->
<testsuite skipped="0" hostname="MEHMURUG-IN" name="advanced.ManagePlacesTest" tests="2" failures="0" timestamp="2 Mar 2020 10:36:21 GMT" time="4.904" errors="0">
  <testcase name="deletePlace" time="0.843" classname="advanced.ManagePlacesTest"/>
  <testcase name="addPlace" time="4.061" classname="advanced.ManagePlacesTest"/>
</testsuite> <!-- advanced.ManagePlacesTest -->
