<?xml version="1.0" encoding="UTF-8"?>
<!-- Generated by org.testng.reporters.JUnitReportReporter -->
<testsuite skipped="0" hostname="MEHMURUG-IN" name="jira.AddComment" tests="1" failures="0" timestamp="28 Mar 2020 18:00:58 GMT" time="2.148" errors="0">
  <testcase name="addCommentToIssue" time="2.148" classname="jira.AddComment"/>
</testsuite> <!-- jira.AddComment -->
