<?xml version="1.0" encoding="UTF-8"?>
<!-- Generated by org.testng.reporters.JUnitReportReporter -->
<testsuite skipped="0" hostname="MEHMURUG-IN" name="advanced.ManageBooksTest" tests="1" failures="0" timestamp="6 Mar 2020 08:28:33 GMT" time="2.347" errors="0">
  <testcase name="deletePlace" time="2.347" classname="advanced.ManageBooksTest"/>
</testsuite> <!-- advanced.ManageBooksTest -->
