<?xml version="1.0" encoding="UTF-8"?>
<!-- Generated by org.testng.reporters.JUnitReportReporter -->
<testsuite skipped="0" hostname="MEHMURUG-IN" name="advanced.ParsingJsonResponse" tests="1" failures="0" timestamp="11 Mar 2020 07:54:06 GMT" time="2.533" errors="0">
  <testcase name="getBooks" time="2.533" classname="advanced.ParsingJsonResponse"/>
</testsuite> <!-- advanced.ParsingJsonResponse -->
