<?xml version="1.0" encoding="UTF-8"?>
<!-- Generated by org.testng.reporters.JUnitReportReporter -->
<testsuite skipped="0" hostname="MEHMURUG-IN" name="gettingstarted.GETRequest" tests="1" failures="0" timestamp="23 Feb 2020 15:44:37 GMT" time="3.602" errors="0">
  <testcase name="getRequest" time="3.602" classname="gettingstarted.GETRequest"/>
</testsuite> <!-- gettingstarted.GETRequest -->
